2025-09-14 07:16:48+00:00 [Note] [Entrypoint]: Entrypoint script for MySQL Server 8.0.43-1.el9 started.
2025-09-14 07:16:48+00:00 [Note] [Entrypoint]: Switching to dedicated user 'mysql'
2025-09-14 07:16:49+00:00 [Note] [Entrypoint]: Entrypoint script for MySQL Server 8.0.43-1.el9 started.
2025-09-14 07:16:49+00:00 [Note] [Entrypoint]: Initializing database files
2025-09-14T07:16:49.447498Z 0 [Warning] [MY-011068] [Server] The syntax '--skip-host-cache' is deprecated and will be removed in a future release. Please use SET GLOBAL host_cache_size=0 instead.
2025-09-14T07:16:49.447631Z 0 [System] [MY-013169] [Server] /usr/sbin/mysqld (mysqld 8.0.43) initializing of server in progress as process 80
2025-09-14T07:16:49.455259Z 1 [System] [MY-013576] [InnoDB] InnoDB initialization has started.
2025-09-14T07:16:49.945153Z 1 [System] [MY-013577] [InnoDB] InnoDB initialization has ended.
2025-09-14T07:16:51.419898Z 6 [Warning] [MY-010453] [Server] root@localhost is created with an empty password ! Please consider switching off the --initialize-insecure option.
2025-09-14 07:16:54+00:00 [Note] [Entrypoint]: Database files initialized
2025-09-14 07:16:54+00:00 [Note] [Entrypoint]: Starting temporary server
2025-09-14T07:16:55.236718Z 0 [Warning] [MY-011068] [Server] The syntax '--skip-host-cache' is deprecated and will be removed in a future release. Please use SET GLOBAL host_cache_size=0 instead.
2025-09-14T07:16:55.238738Z 0 [System] [MY-010116] [Server] /usr/sbin/mysqld (mysqld 8.0.43) starting as process 122
2025-09-14T07:16:55.251271Z 1 [System] [MY-013576] [InnoDB] InnoDB initialization has started.
2025-09-14T07:16:55.438494Z 1 [System] [MY-013577] [InnoDB] InnoDB initialization has ended.
2025-09-14T07:16:55.656712Z 0 [Warning] [MY-010068] [Server] CA certificate ca.pem is self signed.
2025-09-14T07:16:55.656757Z 0 [System] [MY-013602] [Server] Channel mysql_main configured to support TLS. Encrypted connections are now supported for this channel.
2025-09-14T07:16:55.660684Z 0 [Warning] [MY-011810] [Server] Insecure configuration for --pid-file: Location '/var/run/mysqld' in the path is accessible to all OS users. Consider choosing a different directory.
2025-09-14T07:16:55.683275Z 0 [System] [MY-011323] [Server] X Plugin ready for connections. Socket: /var/run/mysqld/mysqlx.sock
2025-09-14T07:16:55.683406Z 0 [System] [MY-010931] [Server] /usr/sbin/mysqld: ready for connections. Version: '8.0.43'  socket: '/var/run/mysqld/mysqld.sock'  port: 0  MySQL Community Server - GPL.
2025-09-14 07:16:55+00:00 [Note] [Entrypoint]: Temporary server started.
'/var/lib/mysql/mysql.sock' -> '/var/run/mysqld/mysqld.sock'
Warning: Unable to load '/usr/share/zoneinfo/iso3166.tab' as time zone. Skipping it.
Warning: Unable to load '/usr/share/zoneinfo/leap-seconds.list' as time zone. Skipping it.
Warning: Unable to load '/usr/share/zoneinfo/leapseconds' as time zone. Skipping it.
Warning: Unable to load '/usr/share/zoneinfo/tzdata.zi' as time zone. Skipping it.
Warning: Unable to load '/usr/share/zoneinfo/zone.tab' as time zone. Skipping it.
Warning: Unable to load '/usr/share/zoneinfo/zone1970.tab' as time zone. Skipping it.
2025-09-14 07:16:57+00:00 [Note] [Entrypoint]: Creating database cities
2025-09-14 07:16:57+00:00 [Note] [Entrypoint]: Creating user shipping
2025-09-14 07:16:58+00:00 [Note] [Entrypoint]: Giving user shipping access to schema cities

2025-09-14 07:16:58+00:00 [Note] [Entrypoint]: /usr/local/bin/docker-entrypoint.sh: running /docker-entrypoint-initdb.d/app-user.sql
2025-09-14T07:16:58.077547Z 13 [Warning] [MY-013360] [Server] Plugin mysql_native_password reported: ''mysql_native_password' is deprecated and will be removed in a future release. Please use caching_sha2_password instead'


2025-09-14 07:16:58+00:00 [Note] [Entrypoint]: /usr/local/bin/docker-entrypoint.sh: running /docker-entrypoint-initdb.d/master-data.sql
2025-09-14T07:17:02.770365Z 14 [ERROR] [MY-012144] [InnoDB] posix_fallocate(): Failed to preallocate data for file ./cities/cities.ibd, desired size 1048576 bytes. Operating system error number 28. Check that the disk is not full or a disk quota exceeded. Make sure the file system supports this function. Refer to your operating system documentation for operating system error code information.
2025-09-14T07:17:02.774311Z 14 [Warning] [MY-012638] [InnoDB] Retry attempts for writing partial data failed.
2025-09-14T07:17:02.774353Z 14 [ERROR] [MY-012639] [InnoDB] Write to file ./cities/cities.ibd failed at offset 31457280, 1048576 bytes should have been written, only 0 were written. Operating system error number 28. Check that your OS and file system support files of this size. Check also that the disk is not full or a disk quota exceeded.
2025-09-14T07:17:02.774399Z 14 [ERROR] [MY-012640] [InnoDB] Error number 28 means 'No space left on device'
2025-09-14T07:17:02.774424Z 14 [Warning] [MY-012145] [InnoDB] Error while writing 1048576 zeroes to ./cities/cities.ibd starting at offset 31457280
2025-09-14T07:17:02.774974Z 14 [ERROR] [MY-013132] [Server] The table 'cities' is full!
ERROR 1114 (HY000) at line 61: The table 'cities' is full
